; Top Design: "MyLibrary1_lib:ATF26884:schematic"
; Netlisted using Hierarchy Policy: "Standard"

Options ResourceUsage=yes UseNutmegFormat=no EnableOptim=no TopDesignName="MyLibrary1_lib:ATF26884:schematic" DcopOutputNodeVoltages=yes DcopOutputPinCurrents=yes DcopOutputAllSweepPoints=no DcopOutputDcopType=0
R:R5  N__11 0 R=175 Ohm Noise=yes 
#uselib "RfTransistorLibrary" , "pf_hp_ATF26884_19931015"
pf_hp_ATF26884_19931015:A2  N__13 N__12 N__11 N__11 
R:R2  N__12 0 R=6 kOhm Noise=yes 
R:R3  N__4 N__12 R=6 kOhm Noise=yes 
C:C7  Vin 0 C=2.5 pF 
L:L2  Vin Vout L=2.9 nH tune{ 4 nH to 120 nH by 8 nH } Noise=yes  
C:C1  Vin N__12 C=100 nF tune{ 0.5 uF to 100 uF by 0.1 uF } 
C:C5  Vout N__13 C=100 nF 
C:C6  Vout 0 C=2.5 pF tune{ 0.5 pF to 150 pF by 0.1 pF } 
V_Source:SRC2  N__4 0 Type="V_DC" Vdc=5.0 V SaveCurrent=1 
Short:DC_Feed1  N__4 N__13 Mode=-1 
aele A = Vout/Vin;
Tran:Tran1 StartTime=200 nsec StopTime=201 nsec MaxTimeStep=0.01 nsec LimitStepForTL=yes TimeStepControl=2 TruncTol=7.0 ChargeTol=1.0e-14 IntegMethod=0 MaxGearOrder=2 \
Mu=0.5 MaxOrder=4 Freq[1]=1.0 GHz Order[1]=3 HB_Window=no \
HB_Sol=no ImpApprox=no ShortTL_Delay=1.0 psec ImpMode=1 UseInitCond=no \
LoadGminDC=no CheckKCL=yes CheckOnlyDeltaV=yes OverloadAlert=no DeviceBypass=no \
MaxIters=10 MaxItersDC=200 DevOpPtLevel=0 StatusLevel=2 OutputAllPoints=yes \
NoiseScale=1 ImpEnforcePassivity=yes ImpLFEOn=yes \
OutputPlan="Tran1_Output" 

OutputPlan:Tran1_Output \
      Type="Output" \
      UseNodeNestLevel=yes \
      NodeNestLevel=2 \
      UseEquationNestLevel=yes \
      EquationNestLevel=2 \
      UseSavedEquationNestLevel=yes \
      SavedEquationNestLevel=2 \
      UseDeviceCurrentNestLevel=no \
      DeviceCurrentNestLevel=0 \
      DeviceCurrentDeviceType="All" \
      DeviceCurrentSymSyntax=yes \
      UseCurrentNestLevel=yes \
      CurrentNestLevel=999 \
      UseDeviceVoltageNestLevel=no \
      DeviceVoltageNestLevel=0 \
      DeviceVoltageDeviceType="All"

AC:AC1 CalcNoise=no SortNoise=0 IncludePortNoise=yes BandwidthForNoise=1 Hz FreqConversion=no UseFiniteDiff=no StatusLevel=2 OutputBudgetIV=no DevOpPtLevel=0 \
SweepVar="freq" SweepPlan="AC1_stim" OutputPlan="AC1_Output" 

SweepPlan: AC1_stim Start=100 MHz Stop=10000 MHz Step=0.1 MHz 

OutputPlan:AC1_Output \
      Type="Output" \
      UseNodeNestLevel=yes \
      NodeNestLevel=2 \
      UseEquationNestLevel=yes \
      EquationNestLevel=2 \
      UseSavedEquationNestLevel=yes \
      SavedEquationNestLevel=2 \
      UseDeviceCurrentNestLevel=no \
      DeviceCurrentNestLevel=0 \
      DeviceCurrentDeviceType="All" \
      DeviceCurrentSymSyntax=yes \
      UseCurrentNestLevel=yes \
      CurrentNestLevel=999 \
      UseDeviceVoltageNestLevel=no \
      DeviceVoltageNestLevel=0 \
      DeviceVoltageDeviceType="All"

V_Source:SRC3  N__5 N__6 Type="V_AC" Vdc=0.0 V Vac=polar(1,0) V Freq=freq V_Noise=0 uV SaveCurrent=1 
